  classes.h
  menu.cpp
C:\Users\xjaci\Desktop\unn_lv2\unnl_v2\unnl_v2\classes.h(328,1): error C2679: бинарный "+=": не найден оператор, принимающий правый операнд типа "vector<T>" (или приемлемое преобразование отсутствует)
          with
          [
              T=double
          ]
C:\Users\xjaci\Desktop\unn_lv2\unnl_v2\unnl_v2\classes.h(111,13): message : может быть "vector<T> &vector<T>::operator +=(vector<T>)"
          with
          [
              T=double
          ]
C:\Users\xjaci\Desktop\unn_lv2\unnl_v2\unnl_v2\classes.h(328,1): message : при попытке сопоставить список аргументов "(T, vector<T>)"
          with
          [
              T=vector<double>
          ]
          and
          [
              T=double
          ]
C:\Users\xjaci\Desktop\unn_lv2\unnl_v2\unnl_v2\classes.h(306): message : во время компиляции функции-члена класс шаблон "vector<T> matrix<T>::operator ()(vector<T> &)"
          with
          [
              T=double
          ]
C:\Users\xjaci\Desktop\unn_lv2\unnl_v2\unnl_v2\menu.cpp(85): message : выполняется компиляция ссылки на экземпляр шаблон функции "vector<T> matrix<T>::operator ()(vector<T> &)"
          with
          [
              T=double
          ]
C:\Users\xjaci\Desktop\unn_lv2\unnl_v2\unnl_v2\menu.cpp(17): message : выполняется компиляция ссылки на экземпляр класс шаблон функции "matrix<double>"
  Создание кода...
